2024-12-10 08:00:01,234 INFO [webapp] Application starting up...
2024-12-10 08:00:01,456 INFO [webapp] Loading configuration from /etc/webapp/config.yml
2024-12-10 08:00:01,789 INFO [webapp] Database connection pool initialized (size: 10)
2024-12-10 08:00:02,012 INFO [webapp] Redis cache connected at localhost:6379
2024-12-10 08:00:02,345 INFO [webapp] Starting HTTP server on port 8080
2024-12-10 08:00:02,567 INFO [webapp] Application ready to accept connections
2024-12-10 08:00:15,123 INFO [webapp] GET /api/health - 200 OK (2ms)
2024-12-10 08:00:30,456 INFO [webapp] GET /api/users - 200 OK (45ms)
2024-12-10 08:01:00,789 INFO [webapp] POST /api/orders - 201 Created (123ms)
2024-12-10 08:01:15,012 WARNING [webapp] Slow query detected: SELECT * FROM orders WHERE status='pending' (took 2.5s)
2024-12-10 08:01:30,345 INFO [webapp] GET /api/products - 200 OK (15ms)
2024-12-10 08:02:00,678 INFO [webapp] Background job started: SendEmailNotifications
2024-12-10 08:02:05,901 INFO [webapp] Background job completed: SendEmailNotifications (5 emails sent)
2024-12-10 08:02:30,234 ERROR [webapp] Failed to process payment for order #12345: Connection timeout to payment gateway
2024-12-10 08:02:30,567 INFO [webapp] Retrying payment processing for order #12345 (attempt 1/3)
2024-12-10 08:02:35,890 INFO [webapp] Payment processed successfully for order #12345
2024-12-10 08:03:00,123 INFO [webapp] GET /api/dashboard - 200 OK (89ms)
2024-12-10 08:03:30,456 WARNING [webapp] Memory usage at 75% (1.5GB/2GB)
2024-12-10 08:04:00,789 INFO [webapp] Cache hit ratio: 94.5%
2024-12-10 08:04:30,012 INFO [webapp] Active connections: 156
2024-12-10 08:05:00,345 DEBUG [webapp] Session cleanup: removed 23 expired sessions
2024-12-10 08:05:30,678 INFO [webapp] GET /api/reports/daily - 200 OK (456ms)
2024-12-10 08:06:00,901 INFO [webapp] Scheduled task: DatabaseBackup starting
2024-12-10 08:06:45,234 INFO [webapp] Scheduled task: DatabaseBackup completed (45s)
2024-12-10 08:07:00,567 ERROR [webapp] Database connection lost, attempting reconnect...
2024-12-10 08:07:01,890 INFO [webapp] Database reconnected successfully
2024-12-10 08:07:30,123 INFO [webapp] GET /api/users/profile - 200 OK (12ms)
2024-12-10 08:08:00,456 WARNING [webapp] Rate limit approaching for IP 192.168.1.100 (450/500 requests)
2024-12-10 08:08:30,789 INFO [webapp] New user registered: user@example.com
2024-12-10 08:09:00,012 INFO [webapp] POST /api/auth/login - 200 OK (234ms)
2024-12-10 08:09:30,345 DEBUG [webapp] JWT token generated for user_id: 5678
2024-12-10 08:10:00,678 INFO [webapp] WebSocket connection established: client_id=ws_12345
2024-12-10 08:10:30,901 INFO [webapp] Real-time notification sent to 45 connected clients
2024-12-10 08:11:00,234 ERROR [webapp] External API call failed: https://api.thirdparty.com/v1/data - 503 Service Unavailable
2024-12-10 08:11:00,567 WARNING [webapp] Falling back to cached data for third-party integration
2024-12-10 08:11:30,890 INFO [webapp] GET /api/inventory - 200 OK (67ms)
2024-12-10 08:12:00,123 INFO [webapp] Order fulfillment batch processed: 15 orders shipped
2024-12-10 08:12:30,456 INFO [webapp] Email queue processed: 25 emails sent, 0 failed
2024-12-10 08:13:00,789 DEBUG [webapp] Garbage collection completed (freed 256MB)
2024-12-10 08:13:30,012 INFO [webapp] Health check passed - all services operational
2024-12-10 08:14:00,345 WARNING [webapp] Disk usage at 80% on /var/log partition
2024-12-10 08:14:30,678 INFO [webapp] Log rotation completed: archived 5 log files
2024-12-10 08:15:00,901 INFO [webapp] GET /api/analytics - 200 OK (345ms)
2024-12-10 08:15:30,234 INFO [webapp] User session extended: user_id=1234
2024-12-10 08:16:00,567 ERROR [webapp] Validation error on POST /api/products: missing required field 'price'
2024-12-10 08:16:30,890 INFO [webapp] Product catalog refreshed: 1,250 products indexed
2024-12-10 08:17:00,123 INFO [webapp] Search query processed: "wireless headphones" (results: 47, time: 23ms)
2024-12-10 08:17:30,456 DEBUG [webapp] Cache invalidated for key: product_list_v2
2024-12-10 08:18:00,789 INFO [webapp] Webhook delivered successfully to https://partner.example.com/webhook
2024-12-10 08:18:30,012 WARNING [webapp] SSL certificate expires in 14 days
2024-12-10 08:19:00,345 INFO [webapp] API rate limit reset for all clients
2024-12-10 08:19:30,678 INFO [webapp] Metrics exported to Prometheus endpoint
2024-12-10 08:20:00,901 INFO [webapp] System status: CPU 45%, Memory 72%, Disk 80%
2024-12-10 08:25:00,111 INFO [webapp] New log entry 1 - Testing live tailing
2024-12-10 08:25:01,222 WARNING [webapp] New warning - Tailing test
2024-12-10 08:25:02,333 ERROR [webapp] New error - Critical test message
2024-12-10 08:30:00,444 INFO [webapp] Another batch of logs added
2024-12-10 08:30:01,555 DEBUG [webapp] Debug message for testing
